<?xml version="1.0" encoding="UTF-8"?>
<!-- Generated by org.testng.reporters.JUnitReportReporter -->
<testsuite skipped="0" hostname="DESKTOP-B1PCSQA" name="seleniumLearning.MavenJava.Test1" tests="1" failures="0" timestamp="04 Sep 2021 12:40:20 GMT" time="0.060" errors="0">
  <testcase name="demo" time="0.060" classname="seleniumLearning.MavenJava.Test1"/>
</testsuite> <!-- seleniumLearning.MavenJava.Test1 -->
