<?xml version="1.0" encoding="UTF-8"?>
<!-- Generated by org.testng.reporters.JUnitReportReporter -->
<testsuite skipped="0" hostname="DESKTOP-B1PCSQA" name="seleniumLearning.MavenJava.DemoTest" tests="1" failures="0" timestamp="2021-09-04T18:20:23 IST" time="0.012" errors="0">
  <testcase name="demo" time="0.012" classname="seleniumLearning.MavenJava.DemoTest"/>
  <system-out/>
</testsuite> <!-- seleniumLearning.MavenJava.DemoTest -->
